RUN	com.gatling.tests.registerUser2	registeruser2	1669304781869	123	3.6.1
USER	createOrder	START	1669304783732
USER	registerUser	START	1669304783732
USER	createOrder	START	1669304783732
USER	registerUser	START	1669304783732
USER	registerUser	START	1669304783732
USER	createOrder	START	1669304783732
REQUEST		RegisterUser_00_LandingPage	1669304783797	1669304784626	OK	 
REQUEST		RegisterUser_00_LandingPage	1669304783796	1669304784628	OK	 
REQUEST		CreateOrder_00_LandingPage	1669304783796	1669304784626	OK	 
REQUEST		CreateOrder_00_LandingPage	1669304783796	1669304784627	OK	 
REQUEST		CreateOrder_00_LandingPage	1669304783796	1669304784629	OK	 
REQUEST		RegisterUser_00_LandingPage	1669304783797	1669304784625	OK	 
REQUEST		RegisterUser_01_ClickSignIn	1669304786892	1669304787132	OK	 
REQUEST		CreateOrder_01_ClickSignIn	1669304786892	1669304787132	OK	 
REQUEST		CreateOrder_01_ClickSignIn	1669304786892	1669304787136	OK	 
REQUEST		RegisterUser_01_ClickSignIn	1669304786892	1669304787136	OK	 
REQUEST		CreateOrder_01_ClickSignIn	1669304786892	1669304787137	OK	 
REQUEST		RegisterUser_01_ClickSignIn	1669304786892	1669304787150	OK	 
ERROR	CreateOrder_02_Login #{username}: Failed to build request: Failed to build request: j.u.NoSuchElementException: No attribute named 'username' is defined 	1669304789154
ERROR	CreateOrder_02_Login #{username}: Failed to build request: Failed to build request: j.u.NoSuchElementException: No attribute named 'username' is defined 	1669304789154
ERROR	CreateOrder_02_Login #{username}: Failed to build request: Failed to build request: j.u.NoSuchElementException: No attribute named 'username' is defined 	1669304789154
REQUEST		RegisterUser_02_ClickRegisterNow	1669304789146	1669304789379	OK	 
REQUEST		RegisterUser_02_ClickRegisterNow	1669304789146	1669304789392	OK	 
REQUEST		RegisterUser_02_ClickRegisterNow	1669304789162	1669304789404	OK	 
REQUEST		RegisterUser_03_SaveAccountInfo	1669304791397	1669304791635	OK	 
REQUEST		RegisterUser_03_SaveAccountInfo	1669304791408	1669304791647	OK	 
REQUEST		RegisterUser_03_SaveAccountInfo	1669304791424	1669304791669	OK	 
REQUEST		CreateOrder_03_SelectCategory BIRDS	1669304791434	1669304791675	OK	 
REQUEST		RegisterUser_03_SaveAccountInfo Redirect 1	1669304791641	1669304791870	OK	 
USER	registerUser	END	1669304791882
REQUEST		RegisterUser_03_SaveAccountInfo Redirect 1	1669304791647	1669304791887	OK	 
USER	registerUser	END	1669304791892
REQUEST		RegisterUser_03_SaveAccountInfo Redirect 1	1669304791670	1669304791912	OK	 
USER	registerUser	END	1669304791916
REQUEST		CreateOrder_03_SelectCategory DOGS	1669304791968	1669304792205	OK	 
REQUEST		CreateOrder_03_SelectCategory REPTILES	1669304792650	1669304792891	OK	 
REQUEST		CreateOrder_04_SelectProduct K9-PO-02	1669304794311	1669304794558	OK	 
REQUEST		CreateOrder_04_SelectProduct AV-CB-01	1669304794636	1669304794876	OK	 
REQUEST		CreateOrder_04_SelectProduct RP-SN-01	1669304795427	1669304795670	OK	 
REQUEST		CreateOrder_05_ViewItem	1669304796807	1669304797048	OK	 
REQUEST		CreateOrder_05_ViewItem	1669304798435	1669304798677	OK	 
REQUEST		CreateOrder_05_ViewItem	1669304798528	1669304798769	OK	 
REQUEST		CreateOrder_05_AddToCart	1669304800323	1669304800564	OK	 
REQUEST		CreateOrder_05_AddToCart	1669304800909	1669304801150	OK	 
REQUEST		CreateOrder_05_AddToCart	1669304801917	1669304802158	OK	 
REQUEST		CreateOrder_06_ProceedCheckout	1669304804366	1669304804611	OK	 
REQUEST		CreateOrder_06_ProceedCheckout	1669304804411	1669304804648	OK	 
REQUEST		CreateOrder_06_ProceedCheckout	1669304805863	1669304806110	OK	 
REQUEST		CreateOrder_07_PressContinue	1669304806925	1669304807174	OK	 
REQUEST		CreateOrder_07_PressContinue	1669304808459	1669304808699	OK	 
REQUEST		CreateOrder_07_PressContinue	1669304809017	1669304809259	OK	 
REQUEST		CreateOrder_08_ConfirmOrder	1669304810205	1669304810685	KO	status.find.in(200,201,202,203,204,205,206,207,208,209,304), found 500
USER	createOrder	END	1669304810707
REQUEST		CreateOrder_08_ConfirmOrder	1669304811974	1669304812452	KO	status.find.in(200,201,202,203,204,205,206,207,208,209,304), found 500
USER	createOrder	END	1669304812455
REQUEST		CreateOrder_08_ConfirmOrder	1669304812066	1669304812554	KO	status.find.in(200,201,202,203,204,205,206,207,208,209,304), found 500
USER	createOrder	END	1669304812557
